<?xml version="1.0" encoding="UTF-8"?>
<!-- Generated by org.testng.reporters.JUnitReportReporter -->
<testsuite hostname="PUNITP444471L" failures="0" tests="1" name="com.application.test.TestCaseOne" time="41.336" errors="0" timestamp="2022-07-28T15:53:04 IST" skipped="0">
  <testcase classname="com.application.test.TestCaseOne" name="testcasevalidateLogin" time="41.336"/>
  <system-out/>
</testsuite> <!-- com.application.test.TestCaseOne -->
